<?xml version="1.0" encoding="UTF-8"?>
<!-- Generated by org.testng.reporters.JUnitReportReporter -->
<testsuite hostname="hp" failures="0" tests="1" name="testNGpackage.Demo" time="0.010" errors="0" timestamp="2023-05-25T20:30:53 IST" skipped="0">
  <testcase classname="testNGpackage.Demo" name="demoMethod" time="0.010"/>
  <system-out>
    <![CDATA[Hiii TestNg!!]]>
  </system-out>
</testsuite> <!-- testNGpackage.Demo -->
