<?xml version="1.0" encoding="UTF-8"?>
<!-- Generated by org.testng.reporters.JUnitReportReporter -->
<testsuite hostname="hp" failures="0" tests="3" name="testNGpack2.DemoTest2" time="0.003" errors="0" timestamp="2023-05-25T21:27:35 IST" skipped="0">
  <testcase classname="testNGpack2.DemoTest2" name="e" time="0.001"/>
  <system-out>
    <![CDATA[e method From DemoTest2]]>
  </system-out>
  <testcase classname="testNGpack2.DemoTest2" name="f1" time="0.001"/>
  <system-out>
    <![CDATA[f1 method from DemTest2]]>
  </system-out>
  <testcase classname="testNGpack2.DemoTest2" name="f" time="0.001"/>
  <system-out>
    <![CDATA[f method From DemoTest2]]>
  </system-out>
</testsuite> <!-- testNGpack2.DemoTest2 -->
