<?xml version="1.0" encoding="UTF-8"?>
<!-- Generated by org.testng.reporters.JUnitReportReporter -->
<testsuite hostname="hp" failures="0" tests="2" name="testNGFlags.Flags2" time="0.008" errors="0" timestamp="2023-05-26T10:10:30 IST" skipped="1">
  <testcase classname="testNGFlags.Flags2" name="Method2" time="0.008"/>
  <system-out>
    <![CDATA[logout perfomed!!]]>
  </system-out>
  <testcase classname="testNGFlags.Flags2" name="Method1">
    <skipped/>
  </testcase> <!-- Method1 -->
  <system-out/>
</testsuite> <!-- testNGFlags.Flags2 -->
