<?xml version="1.0" encoding="UTF-8"?>
<!-- Generated by org.testng.reporters.JUnitReportReporter -->
<testsuite hostname="hp" failures="0" tests="3" name="testNGFlags.Flag5" time="0.009" errors="0" timestamp="2023-05-26T10:55:54 IST" skipped="0">
  <testcase classname="testNGFlags.Flag5" name="Method2" time="0.001"/>
  <system-out>
    <![CDATA[user Created]]>
  </system-out>
  <testcase classname="testNGFlags.Flag5" name="Method1" time="0.007"/>
  <system-out>
    <![CDATA[Login Performed]]>
  </system-out>
  <testcase classname="testNGFlags.Flag5" name="Method3" time="0.001"/>
  <system-out>
    <![CDATA[Logout Performed]]>
  </system-out>
</testsuite> <!-- testNGFlags.Flag5 -->
