<?xml version="1.0" encoding="UTF-8"?>
<!-- Generated by org.testng.reporters.JUnitReportReporter -->
<testsuite hostname="hp" failures="0" tests="1" name="testNGpackage.Remo" time="0.009" errors="0" timestamp="2023-05-25T20:30:21 IST" skipped="0">
  <testcase classname="testNGpackage.Remo" name="remoMethod" time="0.009"/>
  <system-out>
    <![CDATA[Heyyy java!!]]>
  </system-out>
</testsuite> <!-- testNGpackage.Remo -->
