<?xml version="1.0" encoding="UTF-8"?>
<!-- Generated by org.testng.reporters.JUnitReportReporter -->
<testsuite hostname="hp" failures="0" tests="1" name="testNGpackage.Sumo" time="0.008" errors="0" timestamp="2023-05-25T20:35:18 IST" skipped="0">
  <testcase classname="testNGpackage.Sumo" name="SumoMethod" time="0.008"/>
  <system-out>
    <![CDATA[Where is Selenium!!]]>
  </system-out>
</testsuite> <!-- testNGpackage.Sumo -->
