<?xml version="1.0" encoding="UTF-8"?>
<!-- Generated by org.testng.reporters.JUnitReportReporter -->
<testsuite hostname="hp" failures="0" tests="7" name="testNGFlags.Flag4" time="0.012" errors="0" timestamp="2023-05-26T10:34:54 IST" skipped="0">
  <testcase classname="testNGFlags.Flag4" name="p" time="0.001"/>
  <system-out>
    <![CDATA[p method]]>
  </system-out>
  <testcase classname="testNGFlags.Flag4" name="z" time="0.001"/>
  <system-out>
    <![CDATA[z method]]>
  </system-out>
  <testcase classname="testNGFlags.Flag4" name="k" time="0.001"/>
  <system-out>
    <![CDATA[k method]]>
  </system-out>
  <testcase classname="testNGFlags.Flag4" name="a" time="0.007"/>
  <system-out>
    <![CDATA[a method]]>
  </system-out>
  <testcase classname="testNGFlags.Flag4" name="d" time="0.001"/>
  <system-out>
    <![CDATA[d method]]>
  </system-out>
  <testcase classname="testNGFlags.Flag4" name="f" time="0.001"/>
  <system-out>
    <![CDATA[f Method]]>
  </system-out>
  <testcase classname="testNGFlags.Flag4" name="s" time="0.000"/>
  <system-out>
    <![CDATA[s method]]>
  </system-out>
</testsuite> <!-- testNGFlags.Flag4 -->
